* using log directory 'C:/Programming/MachineLearningLectures/r/stanford.machine.learning.Rcheck'
* using R version 2.13.0 (2011-04-13)
* using platform: i386-pc-mingw32 (32-bit)
* using session charset: ISO8859-1
* checking for file 'stanford.machine.learning/DESCRIPTION' ... OK
* checking extension type ... Package
* this is package 'stanford.ml' version '0.1'
* checking package dependencies ... OK
* checking if this is a source package ... OK
* checking for executable files ... OK
* checking whether package 'stanford.ml' can be installed ... WARNING
Found the following significant warnings:
  Warning: C:/Programming/MachineLearningLectures/r/stanford.machine.learning/man/stanford.machine.learning-package.Rd:32: All text must be in a section
  Warning: C:/Programming/MachineLearningLectures/r/stanford.machine.learning/man/stanford.machine.learning-package.Rd:33: All text must be in a section
See 'C:/Programming/MachineLearningLectures/r/stanford.machine.learning.Rcheck/00install.out' for details.
* checking installed package size ... OK
* checking package directory ... OK
* checking for portable file names ... OK
* checking DESCRIPTION meta-information ... WARNING
Non-standard license specification:
  GPL3
Standardizable: FALSE
* checking top-level files ... OK
* checking index information ... OK
* checking package subdirectories ... OK
* checking R files for non-ASCII characters ... OK
* checking R files for syntax errors ... OK
* checking whether the package can be loaded ... OK
* checking whether the package can be loaded with stated dependencies ... OK
* checking whether the package can be unloaded cleanly ... OK
* checking for unstated dependencies in R code ... OK
* checking S3 generic/method consistency ... OK
* checking replacement functions ... OK
* checking foreign function calls ... OK
* checking R code for possible problems ... NOTE
gradient.path: no visible binding for global variable 'alpha'
gradient.path: no visible binding for global variable 'm'
gradient.path: no visible binding for global variable 'y'
* checking Rd files ... WARNING
prepare_Rd: stanford.machine.learning-package.Rd:32: All text must be in a section
prepare_Rd: stanford.machine.learning-package.Rd:33: All text must be in a section
* checking Rd metadata ... OK
* checking Rd cross-references ... WARNING
Unknown package(s) '<pkg>' in Rd xrefs
* checking for missing documentation entries ... WARNING
Undocumented code objects:
  grad gradient.path loss zscore
All user-level objects in a package should have documentation entries.
See the chapter 'Writing R documentation files' in manual 'Writing R
Extensions'.
* checking for code/documentation mismatches ... OK
* checking Rd \usage sections ... OK
* checking Rd contents ... OK
* checking for unstated dependencies in examples ... NOTE
Warning: parse error in file 'stanford.ml-Ex.R':
11: unexpected symbol
21: 
22: ~~ simple examples
              ^
* checking examples ... ERROR
Running examples in 'stanford.ml-Ex.R' failed
The error most likely occurred in:

> ### Name: stanford.machine.learning-package
> ### Title: Provides code to accompany Stanford CS229 lectures on "Machine
> ###   Learning".
> ### Aliases: stanford.machine.learning-package stanford.machine.learning
> ### Keywords: package
> 
> ### ** Examples
> 
> ~~ simple examples of the most important functions ~~
Error: unexpected symbol in "~~ simple examples"
Execution halted
